<?xml version="1.0" encoding="UTF-8"?>
<testsuite xmlns:xsi="http://www.w3.org/2001/XMLSchema-instance" xsi:noNamespaceSchemaLocation="https://maven.apache.org/surefire/maven-surefire-plugin/xsd/surefire-test-report-3.0.xsd" version="3.0" name="TestSuite" time="38.973" tests="2" errors="0" skipped="0" failures="1">
  <properties>
[...]
</properties>
  <testcase name="C191_BrowseMarketplaceForageAndStrawComodity[z.mehta@farmlead.com, ZalakK-26](1)" classname="com.farmlead.testcases.HomeMarketPlaceTest" time="9.695">
    <failure type="java.lang.AssertionError"><![CDATA[java.lang.AssertionError
	at com.farmlead.testcases.HomeMarketPlaceTest.C191_BrowseMarketplaceForageAndStrawComodity(HomeMarketPlaceTest.java:37)
]]></failure>
    <system-out><![CDATA[[TestNGContentHandler] [WARN] It is strongly recommended to add "<!DOCTYPE suite SYSTEM "https://testng.org/testng-1.0.dtd" >" at the top of your file, otherwise TestNG may fail or not work as expected.
Extent Report/Users/zmehta/eclipse-workspace/farmleadautomation/reports/index_2021_03_14_15_45_02_640.html
2021-03-14 15:45:02 INFO  TestBase:29 - 
2021-03-14 15:45:02 INFO  TestBase:30 - /src/test/resources/resources/Config.properties
chrome
2021-03-14 15:45:05 INFO  HomeMarketPlaceTest:30 - C191_BrowseMarketplaceForageAndStrawComodity
2021-03-14 15:45:06 INFO  HomeMarketPlaceTest:32 - z.mehta@farmlead.com
Read:Canola
False:Alfalfa:Canola
False:Alfalfa/Grass:Canola
False:Alfalfa/Mixed Grass:Canola
False:Alfalfa/Timothy:Canola
False:Barley:Canola
Read:Corn
False:Alfalfa:Corn
False:Alfalfa/Grass:Corn
False:Alfalfa/Mixed Grass:Corn
False:Alfalfa/Timothy:Corn
False:Barley:Corn
Read:Barley
False:Alfalfa:Barley
False:Alfalfa/Grass:Barley
False:Alfalfa/Mixed Grass:Barley
False:Alfalfa/Timothy:Barley
True:Barley:Barley
Read:Alfalfa/Timothy
False:Alfalfa:Alfalfa/Timothy
False:Alfalfa/Grass:Alfalfa/Timothy
False:Alfalfa/Mixed Grass:Alfalfa/Timothy
True:Alfalfa/Timothy:Alfalfa/Timothy
Read:Bermuda
False:Alfalfa:Bermuda
False:Alfalfa/Grass:Bermuda
False:Alfalfa/Mixed Grass:Bermuda
False:Alfalfa/Timothy:Bermuda
False:Barley:Bermuda
Read:Brome
False:Alfalfa:Brome
False:Alfalfa/Grass:Brome
False:Alfalfa/Mixed Grass:Brome
False:Alfalfa/Timothy:Brome
False:Barley:Brome
Read:Barley
False:Alfalfa:Barley
False:Alfalfa/Grass:Barley
False:Alfalfa/Mixed Grass:Barley
False:Alfalfa/Timothy:Barley
True:Barley:Barley
Read:Bermuda
False:Alfalfa:Bermuda
False:Alfalfa/Grass:Bermuda
False:Alfalfa/Mixed Grass:Bermuda
False:Alfalfa/Timothy:Bermuda
False:Barley:Bermuda
Read:Alfalfa/Grass
False:Alfalfa:Alfalfa/Grass
True:Alfalfa/Grass:Alfalfa/Grass
Read:Barley
False:Alfalfa:Barley
False:Alfalfa/Grass:Barley
False:Alfalfa/Mixed Grass:Barley
False:Alfalfa/Timothy:Barley
True:Barley:Barley
Read:Corn
False:Alfalfa:Corn
False:Alfalfa/Grass:Corn
False:Alfalfa/Mixed Grass:Corn
False:Alfalfa/Timothy:Corn
False:Barley:Corn
Read:Barley
False:Alfalfa:Barley
False:Alfalfa/Grass:Barley
False:Alfalfa/Mixed Grass:Barley
False:Alfalfa/Timothy:Barley
True:Barley:Barley
Read:Alfalfa/Grass
False:Alfalfa:Alfalfa/Grass
True:Alfalfa/Grass:Alfalfa/Grass
Read:Alfalfa
True:Alfalfa:Alfalfa
Read:Crested Wheat
False:Alfalfa:Crested Wheat
False:Alfalfa/Grass:Crested Wheat
False:Alfalfa/Mixed Grass:Crested Wheat
False:Alfalfa/Timothy:Crested Wheat
False:Barley:Crested Wheat
Read:Clover
False:Alfalfa:Clover
False:Alfalfa/Grass:Clover
False:Alfalfa/Mixed Grass:Clover
False:Alfalfa/Timothy:Clover
False:Barley:Clover
Read:Alfalfa/Timothy
False:Alfalfa:Alfalfa/Timothy
False:Alfalfa/Grass:Alfalfa/Timothy
False:Alfalfa/Mixed Grass:Alfalfa/Timothy
True:Alfalfa/Timothy:Alfalfa/Timothy
Read:Clover
False:Alfalfa:Clover
False:Alfalfa/Grass:Clover
False:Alfalfa/Mixed Grass:Clover
False:Alfalfa/Timothy:Clover
False:Barley:Clover
Read:Bermuda
False:Alfalfa:Bermuda
False:Alfalfa/Grass:Bermuda
False:Alfalfa/Mixed Grass:Bermuda
False:Alfalfa/Timothy:Bermuda
False:Barley:Bermuda
false
false
true
true
false
false
true
false
true
true
false
true
true
true
false
false
true
false
]]></system-out>
    <system-err><![CDATA[log4j:ERROR Could not find value for key log4j.appender.DEBUG
log4j:ERROR Could not instantiate appender named "DEBUG".
Starting ChromeDriver 88.0.4324.96 (68dba2d8a0b149a1d3afac56fa74648032bcf46b-refs/branch-heads/4324@{#1784}) on port 28128
Only local connections are allowed.
Please see https://chromedriver.chromium.org/security-considerations for suggestions on keeping ChromeDriver safe.
ChromeDriver was started successfully.
Mar 14, 2021 3:45:04 PM org.openqa.selenium.remote.ProtocolHandshake createSession
INFO: Detected dialect: W3C
]]></system-err>
  </testcase>
  <testcase name="C191_BrowseMarketplaceForageAndStrawForage[z.mehta@farmlead.com, ZalakK-26](1)" classname="com.farmlead.testcases.HomeMarketPlaceTest" time="9.364">
    <system-out><![CDATA[2021-03-14 15:45:17 INFO  TestBase:29 - chrome
2021-03-14 15:45:17 INFO  TestBase:30 - /src/test/resources/resources/Config.properties
chrome
Read:Legume Hay
False:Grass Hay:Legume Hay
False:Greenfeed:Legume Hay
False:Haylage:Legume Hay
True:Legume Hay:Legume Hay
Read:Mixed Hay
False:Grass Hay:Mixed Hay
False:Greenfeed:Mixed Hay
False:Haylage:Mixed Hay
False:Legume Hay:Mixed Hay
True:Mixed Hay:Mixed Hay
Read:Legume Hay
False:Grass Hay:Legume Hay
False:Greenfeed:Legume Hay
False:Haylage:Legume Hay
True:Legume Hay:Legume Hay
Read:Mixed Hay
False:Grass Hay:Mixed Hay
False:Greenfeed:Mixed Hay
False:Haylage:Mixed Hay
False:Legume Hay:Mixed Hay
True:Mixed Hay:Mixed Hay
Read:Haylage
False:Grass Hay:Haylage
False:Greenfeed:Haylage
True:Haylage:Haylage
Read:Legume Hay
False:Grass Hay:Legume Hay
False:Greenfeed:Legume Hay
False:Haylage:Legume Hay
True:Legume Hay:Legume Hay
Read:Haylage
False:Grass Hay:Haylage
False:Greenfeed:Haylage
True:Haylage:Haylage
Read:Legume Hay
False:Grass Hay:Legume Hay
False:Greenfeed:Legume Hay
False:Haylage:Legume Hay
True:Legume Hay:Legume Hay
Read:Greenfeed
False:Grass Hay:Greenfeed
True:Greenfeed:Greenfeed
Read:Mixed Hay
False:Grass Hay:Mixed Hay
False:Greenfeed:Mixed Hay
False:Haylage:Mixed Hay
False:Legume Hay:Mixed Hay
True:Mixed Hay:Mixed Hay
Read:Legume Hay
False:Grass Hay:Legume Hay
False:Greenfeed:Legume Hay
False:Haylage:Legume Hay
True:Legume Hay:Legume Hay
Read:Mixed Hay
False:Grass Hay:Mixed Hay
False:Greenfeed:Mixed Hay
False:Haylage:Mixed Hay
False:Legume Hay:Mixed Hay
True:Mixed Hay:Mixed Hay
Read:Greenfeed
False:Grass Hay:Greenfeed
True:Greenfeed:Greenfeed
Read:Greenfeed
False:Grass Hay:Greenfeed
True:Greenfeed:Greenfeed
Read:Silage
False:Grass Hay:Silage
False:Greenfeed:Silage
False:Haylage:Silage
False:Legume Hay:Silage
False:Mixed Hay:Silage
True:Silage:Silage
Read:Haylage
False:Grass Hay:Haylage
False:Greenfeed:Haylage
True:Haylage:Haylage
Read:Straw
False:Grass Hay:Straw
False:Greenfeed:Straw
False:Haylage:Straw
False:Legume Hay:Straw
False:Mixed Hay:Straw
False:Silage:Straw
True:Straw:Straw
Read:Silage
False:Grass Hay:Silage
False:Greenfeed:Silage
False:Haylage:Silage
False:Legume Hay:Silage
False:Mixed Hay:Silage
True:Silage:Silage
Read:Mixed Hay
False:Grass Hay:Mixed Hay
False:Greenfeed:Mixed Hay
False:Haylage:Mixed Hay
False:Legume Hay:Mixed Hay
True:Mixed Hay:Mixed Hay
true
true
true
true
true
true
true
true
true
true
true
true
true
true
true
true
true
true
]]></system-out>
    <system-err><![CDATA[Starting ChromeDriver 88.0.4324.96 (68dba2d8a0b149a1d3afac56fa74648032bcf46b-refs/branch-heads/4324@{#1784}) on port 32929
Only local connections are allowed.
Please see https://chromedriver.chromium.org/security-considerations for suggestions on keeping ChromeDriver safe.
ChromeDriver was started successfully.
Mar 14, 2021 3:45:18 PM org.openqa.selenium.remote.ProtocolHandshake createSession
INFO: Detected dialect: W3C
]]></system-err>
  </testcase>
</testsuite>